[    0.000000] Linux version 4.15.0-191-generic (buildd@lcy02-amd64-032) (gcc version 7.5.0 (Ubuntu 7.5.0-3ubuntu1~18.04)) #202-Ubuntu SMP Thu Aug 4 01:49:29 UTC 2022 (Ubuntu 4.15.0-191.202-generic 4.15.18)
[    0.000000] Command line: BOOT_IMAGE=/boot/vmlinuz-4.15.0-191-generic root=LABEL=cloudimg-rootfs ro console=tty1 console=ttyS0
[    0.000000] KERNEL supported cpus:
[    0.000000]   Intel GenuineIntel
[    0.000000]   AMD AuthenticAMD
[    0.000000]   Centaur CentaurHauls
[    0.000000] x86/fpu: x87 FPU will use FXSAVE
[    0.000000] e820: BIOS-provided physical RAM map:
[    0.000000] BIOS-e820: [mem 0x0000000000000000-0x000000000009fbff] usable
[    0.000000] BIOS-e820: [mem 0x000000000009fc00-0x000000000009ffff] reserved
[    0.000000] BIOS-e820: [mem 0x00000000000f0000-0x00000000000fffff] reserved
[    0.000000] BIOS-e820: [mem 0x0000000000100000-0x00000000dffeffff] usable
[    0.000000] BIOS-e820: [mem 0x00000000dfff0000-0x00000000dfffffff] ACPI data
[    0.000000] BIOS-e820: [mem 0x00000000fec00000-0x00000000fec00fff] reserved
[    0.000000] BIOS-e820: [mem 0x00000000fee00000-0x00000000fee00fff] reserved
[    0.000000] BIOS-e820: [mem 0x00000000fffc0000-0x00000000ffffffff] reserved
[    0.000000] BIOS-e820: [mem 0x0000000100000000-0x0000000196ffffff] usable
[    0.000000] NX (Execute Disable) protection: active
[    0.000000] SMBIOS 2.5 present.
[    0.000000] DMI: innotek GmbH VirtualBox/VirtualBox, BIOS VirtualBox 12/01/2006
[    0.000000] Hypervisor detected: KVM
[    0.000000] e820: last_pfn = 0x197000 max_arch_pfn = 0x400000000
[    0.000000] MTRR: Disabled
[    0.000000] x86/PAT: MTRRs disabled, skipping PAT initialization too.
[    0.000000] CPU MTRRs all blank - virtualized system.
[    0.000000] x86/PAT: Configuration [0-7]: WB  WT  UC- UC  WB  WT  UC- UC  
[    0.000000] e820: last_pfn = 0xdfff0 max_arch_pfn = 0x400000000
[    0.000000] found SMP MP-table at [mem 0x0009fff0-0x0009ffff]
[    0.000000] Scanning 1 areas for low memory corruption
[    0.000000] RAMDISK: [mem 0x359cb000-0x36cdcfff]
[    0.000000] ACPI: Early table checksum verification disabled
[    0.000000] ACPI: RSDP 0x00000000000E0000 000024 (v02 VBOX  )
[    0.000000] ACPI: XSDT 0x00000000DFFF0030 00003C (v01 VBOX   VBOXXSDT 00000001 ASL  00000061)
[    0.000000] ACPI: FACP 0x00000000DFFF00F0 0000F4 (v04 VBOX   VBOXFACP 00000001 ASL  00000061)
[    0.000000] ACPI: DSDT 0x00000000DFFF0470 002325 (v02 VBOX   VBOXBIOS 00000002 INTL 20100528)
[    0.000000] ACPI: FACS 0x00000000DFFF0200 000040
[    0.000000] ACPI: FACS 0x00000000DFFF0200 000040
[    0.000000] ACPI: APIC 0x00000000DFFF0240 000054 (v02 VBOX   VBOXAPIC 00000001 ASL  00000061)
[    0.000000] ACPI: SSDT 0x00000000DFFF02A0 0001CC (v01 VBOX   VBOXCPUT 00000002 INTL 20100528)
[    0.000000] ACPI: Reserving FACP table memory at [mem 0xdfff00f0-0xdfff01e3]
[    0.000000] ACPI: Reserving DSDT table memory at [mem 0xdfff0470-0xdfff2794]
[    0.000000] ACPI: Reserving FACS table memory at [mem 0xdfff0200-0xdfff023f]
[    0.000000] ACPI: Reserving FACS table memory at [mem 0xdfff0200-0xdfff023f]
[    0.000000] ACPI: Reserving APIC table memory at [mem 0xdfff0240-0xdfff0293]
[    0.000000] ACPI: Reserving SSDT table memory at [mem 0xdfff02a0-0xdfff046b]
[    0.000000] No NUMA configuration found
[    0.000000] Faking a node at [mem 0x0000000000000000-0x0000000196ffffff]
[    0.000000] NODE_DATA(0) allocated [mem 0x196fd1000-0x196ffbfff]
[    0.000000] kvm-clock: cpu 0, msr 1:96f50001, primary cpu clock
[    0.000000] kvm-clock: Using msrs 4b564d01 and 4b564d00
[    0.000000] kvm-clock: using sched offset of 4570100096 cycles
[    0.000000] clocksource: kvm-clock: mask: 0xffffffffffffffff max_cycles: 0x1cd42e4dffb, max_idle_ns: 881590591483 ns
[    0.000000] Zone ranges:
[    0.000000]   DMA      [mem 0x0000000000001000-0x0000000000ffffff]
[    0.000000]   DMA32    [mem 0x0000000001000000-0x00000000ffffffff]
[    0.000000]   Normal   [mem 0x0000000100000000-0x0000000196ffffff]
[    0.000000]   Device   empty
[    0.000000] Movable zone start for each node
[    0.000000] Early memory node ranges
[    0.000000]   node   0: [mem 0x0000000000001000-0x000000000009efff]
[    0.000000]   node   0: [mem 0x0000000000100000-0x00000000dffeffff]
[    0.000000]   node   0: [mem 0x0000000100000000-0x0000000196ffffff]
[    0.000000] Reserved but unavailable: 104 pages
[    0.000000] Initmem setup node 0 [mem 0x0000000000001000-0x0000000196ffffff]
[    0.000000] ACPI: PM-Timer IO Port: 0x4008
[    0.000000] IOAPIC[0]: apic_id 1, version 32, address 0xfec00000, GSI 0-23
[    0.000000] ACPI: INT_SRC_OVR (bus 0 bus_irq 0 global_irq 2 dfl dfl)
[    0.000000] ACPI: INT_SRC_OVR (bus 0 bus_irq 9 global_irq 9 low level)
[    0.000000] Using ACPI (MADT) for SMP configuration information
[    0.000000] smpboot: Allowing 1 CPUs, 0 hotplug CPUs
[    0.000000] PM: Registered nosave memory: [mem 0x00000000-0x00000fff]
[    0.000000] PM: Registered nosave memory: [mem 0x0009f000-0x0009ffff]
[    0.000000] PM: Registered nosave memory: [mem 0x000a0000-0x000effff]
[    0.000000] PM: Registered nosave memory: [mem 0x000f0000-0x000fffff]
[    0.000000] PM: Registered nosave memory: [mem 0xdfff0000-0xdfffffff]
[    0.000000] PM: Registered nosave memory: [mem 0xe0000000-0xfebfffff]
[    0.000000] PM: Registered nosave memory: [mem 0xfec00000-0xfec00fff]
[    0.000000] PM: Registered nosave memory: [mem 0xfec01000-0xfedfffff]
[    0.000000] PM: Registered nosave memory: [mem 0xfee00000-0xfee00fff]
[    0.000000] PM: Registered nosave memory: [mem 0xfee01000-0xfffbffff]
[    0.000000] PM: Registered nosave memory: [mem 0xfffc0000-0xffffffff]
[    0.000000] e820: [mem 0xe0000000-0xfebfffff] available for PCI devices
[    0.000000] Booting paravirtualized kernel on KVM
[    0.000000] clocksource: refined-jiffies: mask: 0xffffffff max_cycles: 0xffffffff, max_idle_ns: 7645519600211568 ns
[    0.000000] random: get_random_bytes called from start_kernel+0x99/0x500 with crng_init=0
[    0.000000] setup_percpu: NR_CPUS:8192 nr_cpumask_bits:1 nr_cpu_ids:1 nr_node_ids:1
[    0.000000] percpu: Embedded 50 pages/cpu s167936 r8192 d28672 u2097152
[    0.000000] PV qspinlock hash table entries: 256 (order: 0, 4096 bytes)
[    0.000000] Built 1 zonelists, mobility grouping on.  Total pages: 1511865
[    0.000000] Policy zone: Normal
[    0.000000] Kernel command line: BOOT_IMAGE=/boot/vmlinuz-4.15.0-191-generic root=LABEL=cloudimg-rootfs ro console=tty1 console=ttyS0
[    0.000000] Memory: 5932432K/6143544K available (12300K kernel code, 2484K rwdata, 4324K rodata, 2468K init, 2724K bss, 211112K reserved, 0K cma-reserved)
[    0.000000] SLUB: HWalign=64, Order=0-3, MinObjects=0, CPUs=1, Nodes=1
[    0.000000] Kernel/User page tables isolation: enabled
[    0.000000] ftrace: allocating 39485 entries in 155 pages
[    0.004000] Hierarchical RCU implementation.
[    0.004000] 	RCU restricting CPUs from NR_CPUS=8192 to nr_cpu_ids=1.
[    0.004000] 	Tasks RCU enabled.
[    0.004000] RCU: Adjusting geometry for rcu_fanout_leaf=16, nr_cpu_ids=1
[    0.004000] NR_IRQS: 524544, nr_irqs: 256, preallocated irqs: 16
[    0.004000] Console: colour VGA+ 80x25
[    0.004000] console [tty1] enabled
[    0.004000] console [ttyS0] enabled
[    0.004000] ACPI: Core revision 20170831
[    0.004000] ACPI: 2 ACPI AML tables successfully acquired and loaded
[    0.004000] APIC: Switch to symmetric I/O mode setup
[    0.008000] ..TIMER: vector=0x30 apic1=0 pin1=2 apic2=-1 pin2=-1
[    0.008009] tsc: Detected 3600.012 MHz processor
[    0.012013] Calibrating delay loop (skipped) preset value.. 7200.02 BogoMIPS (lpj=14400048)
[    0.016008] pid_max: default: 32768 minimum: 301
[    0.020066] Security Framework initialized
[    0.024019] Yama: becoming mindful.
[    0.028076] AppArmor: AppArmor initialized
[    0.072362] Dentry cache hash table entries: 1048576 (order: 11, 8388608 bytes)
[    0.089704] Inode-cache hash table entries: 524288 (order: 10, 4194304 bytes)
[    0.092599] Mount-cache hash table entries: 16384 (order: 5, 131072 bytes)
[    0.096539] Mountpoint-cache hash table entries: 16384 (order: 5, 131072 bytes)
[    0.104417] Last level iTLB entries: 4KB 128, 2MB 8, 4MB 8
[    0.108007] Last level dTLB entries: 4KB 64, 2MB 0, 4MB 0, 1GB 4
[    0.112008] Spectre V1 : Mitigation: usercopy/swapgs barriers and __user pointer sanitization
[    0.116007] Spectre V2 : Mitigation: Retpolines
[    0.120006] Spectre V2 : Spectre v2 / SpectreRSB mitigation: Filling RSB on context switch
[    0.124010] Speculative Store Bypass: Vulnerable
[    0.128102] MDS: Mitigation: Clear CPU buffers
[    0.132008] MMIO Stale Data: Mitigation: Clear CPU buffers
[    0.144000] Freeing SMP alternatives memory: 36K
[    0.260018] APIC calibration not consistent with PM-Timer: 117ms instead of 100ms
[    0.264000] APIC delta adjusted to PM-Timer: 6453375 (7590361)
[    0.264476] smpboot: CPU0: Intel(R) Core(TM) i3-8100 CPU @ 3.60GHz (family: 0x6, model: 0x9e, stepping: 0xb)
[    0.268607] Performance Events: unsupported p6 CPU model 158 no PMU driver, software events only.
[    0.272286] Hierarchical SRCU implementation.
[    0.277639] NMI watchdog: Perf event create on CPU 0 failed with -2
[    0.280007] NMI watchdog: Perf NMI watchdog permanently disabled
[    0.284486] smp: Bringing up secondary CPUs ...
[    0.288010] smp: Brought up 1 node, 1 CPU
[    0.292020] smpboot: Max logical packages: 1
[    0.296010] smpboot: Total of 1 processors activated (7200.02 BogoMIPS)
[    0.300795] devtmpfs: initialized
[    0.304198] x86/mm: Memory block size: 128MB
[    0.310055] evm: security.selinux
[    0.312013] evm: security.SMACK64
[    0.316009] evm: security.SMACK64EXEC
[    0.320082] evm: security.SMACK64TRANSMUTE
[    0.324008] evm: security.SMACK64MMAP
[    0.328012] evm: security.apparmor
[    0.332023] evm: security.ima
[    0.340009] evm: security.capability
[    0.344465] clocksource: jiffies: mask: 0xffffffff max_cycles: 0xffffffff, max_idle_ns: 7645041785100000 ns
[    0.348024] futex hash table entries: 256 (order: 2, 16384 bytes)
[    0.352130] pinctrl core: initialized pinctrl subsystem
[    0.360004] RTC time: 19:22:55, date: 08/17/22
[    0.364493] NET: Registered protocol family 16
[    0.368154] audit: initializing netlink subsys (disabled)
[    0.372653] cpuidle: using governor ladder
[    0.376014] audit: type=2000 audit(1660764180.629:1): state=initialized audit_enabled=0 res=1
[    0.380017] cpuidle: using governor menu
[    0.384066] ACPI: bus type PCI registered
[    0.388010] acpiphp: ACPI Hot Plug PCI Controller Driver version: 0.5
[    0.392677] PCI: Using configuration type 1 for base access
[    0.399609] HugeTLB registered 2.00 MiB page size, pre-allocated 0 pages
[    0.400867] ACPI: Added _OSI(Module Device)
[    0.404007] ACPI: Added _OSI(Processor Device)
[    0.408012] ACPI: Added _OSI(3.0 _SCP Extensions)
[    0.412009] ACPI: Added _OSI(Processor Aggregator Device)
[    0.416017] ACPI: Added _OSI(Linux-Dell-Video)
[    0.424045] ACPI: Added _OSI(Linux-Lenovo-NV-HDMI-Audio)
[    0.428020] ACPI: Added _OSI(Linux-HPI-Hybrid-Graphics)
[    0.436032] ACPI: Executed 1 blocks of module-level executable AML code
[    0.446046] ACPI: Interpreter enabled
[    0.448019] ACPI: (supports S0 S5)
[    0.452008] ACPI: Using IOAPIC for interrupt routing
[    0.456667] PCI: Using host bridge windows from ACPI; if necessary, use "pci=nocrs" and report a bug
[    0.460412] ACPI: Enabled 2 GPEs in block 00 to 07
[    0.477502] ACPI: PCI Root Bridge [PCI0] (domain 0000 [bus 00-ff])
[    0.480018] acpi PNP0A03:00: _OSC: OS supports [ASPM ClockPM Segments MSI]
[    0.484954] acpi PNP0A03:00: _OSC: not requesting OS control; OS requires [ExtendedConfig ASPM ClockPM MSI]
[    0.488025] acpi PNP0A03:00: fail to add MMCONFIG information, can't access extended PCI configuration space under this bridge.
[    0.492894] PCI host bridge to bus 0000:00
[    0.496010] pci_bus 0000:00: root bus resource [io  0x0000-0x0cf7 window]
[    0.500012] pci_bus 0000:00: root bus resource [io  0x0d00-0xffff window]
[    0.504023] pci_bus 0000:00: root bus resource [mem 0x000a0000-0x000bffff window]
[    0.508014] pci_bus 0000:00: root bus resource [mem 0xe0000000-0xfdffffff window]
[    0.512013] pci_bus 0000:00: root bus resource [bus 00-ff]
[    0.528392] pci 0000:00:01.1: legacy IDE quirk: reg 0x10: [io  0x01f0-0x01f7]
[    0.536011] pci 0000:00:01.1: legacy IDE quirk: reg 0x14: [io  0x03f6]
[    0.540011] pci 0000:00:01.1: legacy IDE quirk: reg 0x18: [io  0x0170-0x0177]
[    0.544010] pci 0000:00:01.1: legacy IDE quirk: reg 0x1c: [io  0x0376]
[    0.577279] pci 0000:00:07.0: quirk: [io  0x4000-0x403f] claimed by PIIX4 ACPI
[    0.580054] pci 0000:00:07.0: quirk: [io  0x4100-0x410f] claimed by PIIX4 SMB
[    0.599332] ACPI: PCI Interrupt Link [LNKA] (IRQs 5 9 10 *11)
[    0.600697] ACPI: PCI Interrupt Link [LNKB] (IRQs 5 9 *10 11)
[    0.604263] ACPI: PCI Interrupt Link [LNKC] (IRQs 5 *9 10 11)
[    0.608968] ACPI: PCI Interrupt Link [LNKD] (IRQs 5 9 10 *11)
[    0.612786] SCSI subsystem initialized
[    0.616277] pci 0000:00:02.0: vgaarb: setting as boot VGA device
[    0.620000] pci 0000:00:02.0: vgaarb: VGA device added: decodes=io+mem,owns=io+mem,locks=none
[    0.620011] pci 0000:00:02.0: vgaarb: bridge control possible
[    0.624007] vgaarb: loaded
[    0.628114] ACPI: bus type USB registered
[    0.632033] usbcore: registered new interface driver usbfs
[    0.636049] usbcore: registered new interface driver hub
[    0.640028] usbcore: registered new device driver usb
[    0.644201] EDAC MC: Ver: 3.0.0
[    0.648554] PCI: Using ACPI for IRQ routing
[    0.652976] NetLabel: Initializing
[    0.656003] NetLabel:  domain hash size = 128
[    0.660003] NetLabel:  protocols = UNLABELED CIPSOv4 CALIPSO
[    0.664056] NetLabel:  unlabeled traffic allowed by default
[    0.668259] clocksource: Switched to clocksource kvm-clock
[    0.712128] VFS: Disk quotas dquot_6.6.0
[    0.721986] VFS: Dquot-cache hash table entries: 512 (order 0, 4096 bytes)
[    0.728969] AppArmor: AppArmor Filesystem Enabled
[    0.734200] pnp: PnP ACPI init
[    0.739777] pnp: PnP ACPI: found 3 devices
[    0.752105] clocksource: acpi_pm: mask: 0xffffff max_cycles: 0xffffff, max_idle_ns: 2085701024 ns
[    0.761184] NET: Registered protocol family 2
[    0.772151] IP idents hash table entries: 131072 (order: 8, 1048576 bytes)
[    0.783864] TCP established hash table entries: 65536 (order: 7, 524288 bytes)
[    0.794844] TCP bind hash table entries: 65536 (order: 8, 1048576 bytes)
[    0.807462] TCP: Hash tables configured (established 65536 bind 65536)
[    0.818244] UDP hash table entries: 4096 (order: 5, 131072 bytes)
[    0.826983] UDP-Lite hash table entries: 4096 (order: 5, 131072 bytes)
[    0.836923] NET: Registered protocol family 1
[    0.847546] pci 0000:00:00.0: Limiting direct PCI/PCI transfers
[    0.866214] pci 0000:00:01.0: Activating ISA DMA hang workarounds
[    0.882619] pci 0000:00:02.0: Video device with shadowed ROM at [mem 0x000c0000-0x000dffff]
[    0.892864] Unpacking initramfs...
[    1.434079] Freeing initrd memory: 19528K
[    1.438179] PCI-DMA: Using software bounce buffering for IO (SWIOTLB)
[    1.444724] software IO TLB: mapped [mem 0xdbff0000-0xdfff0000] (64MB)
[    1.451271] clocksource: tsc: mask: 0xffffffffffffffff max_cycles: 0x33e45ed112f, max_idle_ns: 440795282550 ns
[    1.460975] platform rtc_cmos: registered platform RTC device (no PNP device found)
[    1.468717] Scanning for low memory corruption every 60 seconds
[    1.475419] Initialise system trusted keyrings
[    1.479950] Key type blacklist registered
[    1.484282] workingset: timestamp_bits=36 max_order=21 bucket_order=0
[    1.492841] zbud: loaded
[    1.496546] squashfs: version 4.0 (2009/01/31) Phillip Lougher
[    1.502754] fuse init (API version 7.26)
[    1.509302] Key type asymmetric registered
[    1.513553] Asymmetric key parser 'x509' registered
[    1.518393] Block layer SCSI generic (bsg) driver version 0.4 loaded (major 246)
[    1.525900] io scheduler noop registered
[    1.529888] io scheduler deadline registered
[    1.534350] io scheduler cfq registered (default)
[    1.539486] ACPI: AC Adapter [AC] (on-line)
[    1.543784] input: Power Button as /devices/LNXSYSTM:00/LNXPWRBN:00/input/input0
[    1.551042] ACPI: Power Button [PWRF]
[    1.555481] input: Sleep Button as /devices/LNXSYSTM:00/LNXSLPBN:00/input/input1
[    1.563159] ACPI: Sleep Button [SLPF]
[    1.567790] Serial: 8250/16550 driver, 32 ports, IRQ sharing enabled
[    1.606176] 00:02: ttyS0 at I/O 0x3f8 (irq = 4, base_baud = 115200) is a 16550A
[    1.616310] Linux agpgart interface v0.103
[    1.624803] loop: module loaded
[    1.633070] scsi host0: ata_piix
[    1.636690] scsi host1: ata_piix
[    1.640414] ata1: PATA max UDMA/33 cmd 0x1f0 ctl 0x3f6 bmdma 0xd000 irq 14
[    1.647048] ata2: PATA max UDMA/33 cmd 0x170 ctl 0x376 bmdma 0xd008 irq 15
[    1.655028] tun: Universal TUN/TAP device driver, 1.6
[    1.661353] PPP generic driver version 2.4.2
[    1.665784] ehci_hcd: USB 2.0 'Enhanced' Host Controller (EHCI) Driver
[    1.671988] ehci-pci: EHCI PCI platform driver
[    1.676460] ehci-platform: EHCI generic platform driver
[    1.681803] ohci_hcd: USB 1.1 'Open' Host Controller (OHCI) Driver
[    1.687826] ohci-pci: OHCI PCI platform driver
[    1.692314] ohci-platform: OHCI generic platform driver
[    1.697428] uhci_hcd: USB Universal Host Controller Interface driver
[    1.703912] i8042: PNP: PS/2 Controller [PNP0303:PS2K,PNP0f03:PS2M] at 0x60,0x64 irq 1,12
[    1.715351] serio: i8042 KBD port at 0x60,0x64 irq 1
[    1.720683] serio: i8042 AUX port at 0x60,0x64 irq 12
[    1.726714] mousedev: PS/2 mouse device common for all mice
[    1.734016] input: AT Translated Set 2 keyboard as /devices/platform/i8042/serio0/input/input2
[    1.743807] rtc_cmos rtc_cmos: rtc core: registered rtc_cmos as rtc0
[    1.751849] rtc_cmos rtc_cmos: alarms up to one day, 114 bytes nvram
[    1.758122] i2c /dev entries driver
[    1.761823] device-mapper: uevent: version 1.0.3
[    1.766934] device-mapper: ioctl: 4.37.0-ioctl (2017-09-20) initialised: dm-devel@redhat.com
[    1.775006] ledtrig-cpu: registered to indicate activity on CPUs
[    1.781637] NET: Registered protocol family 10
[    1.792892] Segment Routing with IPv6
[    1.796678] NET: Registered protocol family 17
[    1.801295] Key type dns_resolver registered
[    1.806034] mce: Using 0 MCE banks
[    1.809575] RAS: Correctable Errors collector initialized.
[    1.875044] sched_clock: Marking stable (1874958531, 0)->(4482957476, -2607998945)
[    1.882666] registered taskstats version 1
[    1.886813] Loading compiled-in X.509 certificates
[    1.894643] Loaded X.509 cert 'Build time autogenerated kernel key: c22b55fccca0ab4a1b471e83eb5a5035df964114'
[    1.904684] Loaded X.509 cert 'Canonical Ltd. Live Patch Signing: 14df34d1a87cf37625abec039ef2bf521249b969'
[    1.914708] Loaded X.509 cert 'Canonical Ltd. Kernel Module Signing: 88f752e560a1e0737e31163a466ad7b70a850c19'
[    1.924120] blacklist: Loading compiled-in revocation X.509 certificates
[    1.930689] Loaded X.509 cert 'Canonical Ltd. Secure Boot Signing: 61482aa2830d0ab2ad5af10b7250da9033ddcef0'
[    1.940462] zswap: loaded using pool lzo/zbud
[    1.949541] Key type big_key registered
[    1.953915] Key type trusted registered
[    1.961708] Key type encrypted registered
[    1.966238] AppArmor: AppArmor sha1 policy hashing enabled
[    1.971738] ima: No TPM chip found, activating TPM-bypass! (rc=-19)
[    1.978296] ima: Allocated hash algorithm: sha1
[    1.983200] evm: HMAC attrs: 0x1
[    1.987442]   Magic number: 2:130:395
[    1.991323] pci 0000:00:07.0: hash matches
[    1.996539] rtc_cmos rtc_cmos: setting system clock to 2022-08-17 19:22:57 UTC (1660764177)
[    2.005163] BIOS EDD facility v0.16 2004-Jun-25, 0 devices found
[    2.011143] EDD information not available.
[    2.018727] Freeing unused kernel image memory: 2468K
[    2.028220] Write protecting the kernel read-only data: 20480k
[    2.034400] Freeing unused kernel image memory: 2008K
[    2.039837] Freeing unused kernel image memory: 1820K
[    2.049616] x86/mm: Checked W+X mappings: passed, no W+X pages found.
[    2.055972] x86/mm: Checking user space page tables
[    2.065688] x86/mm: Checked W+X mappings: passed, no W+X pages found.
Loading, please wait...
starting version 237
[    2.202495] e1000: Intel(R) PRO/1000 Network Driver - version 7.3.21-k8-NAPI
[    2.209405] e1000: Copyright (c) 1999-2006 Intel Corporation.
[    2.220503] Fusion MPT base driver 3.04.20
[    2.224899] Copyright (c) 1999-2008 LSI Corporation
[    2.305717] Fusion MPT SPI Host driver 3.04.20
[    2.494603] input: ImExPS/2 Generic Explorer Mouse as /devices/platform/i8042/serio1/input/input4
[    3.194863] e1000 0000:00:03.0 eth0: (PCI:33MHz:32-bit) 02:dd:70:87:b9:65
[    3.202496] e1000 0000:00:03.0 eth0: Intel(R) PRO/1000 Network Connection
[    3.210498] mptbase: ioc0: Initiating bringup
[    3.311011] ioc0: LSI53C1030 A0: Capabilities={Initiator}
[    3.585465] random: fast init done
[    3.594130] scsi host2: ioc0: LSI53C1030 A0, FwRev=00000000h, Ports=1, MaxQ=256, IRQ=20
[    3.602945] random: systemd-udevd: uninitialized urandom read (16 bytes read)
[    3.610153] random: systemd-udevd: uninitialized urandom read (16 bytes read)
[    3.617193] random: systemd-udevd: uninitialized urandom read (16 bytes read)
[    3.783338] scsi 2:0:0:0: Direct-Access     VBOX     HARDDISK         1.0  PQ: 0 ANSI: 5
[    3.803350] scsi target2:0:0: Beginning Domain Validation
[    3.816748] scsi target2:0:0: Domain Validation skipping write tests
[    3.822862] scsi target2:0:0: Ending Domain Validation
[    3.828926] scsi target2:0:0: asynchronous
[    3.835001] scsi 2:0:1:0: Direct-Access     VBOX     HARDDISK         1.0  PQ: 0 ANSI: 5
[    3.842893] scsi target2:0:1: Beginning Domain Validation
[    3.871389] scsi target2:0:1: Domain Validation skipping write tests
[    3.877637] scsi target2:0:1: Ending Domain Validation
[    3.900410] scsi target2:0:1: asynchronous
[    3.960022] sd 2:0:0:0: [sda] 83886080 512-byte logical blocks: (42.9 GB/40.0 GiB)
[    3.967916] sd 2:0:0:0: Attached scsi generic sg0 type 0
[    3.983091] sd 2:0:1:0: [sdb] 20480 512-byte logical blocks: (10.5 MB/10.0 MiB)
[    3.990594] sd 2:0:1:0: Attached scsi generic sg1 type 0
[    3.996354] sd 2:0:0:0: [sda] Write Protect is off
[    4.010979] sd 2:0:0:0: [sda] Incomplete mode parameter data
[    4.016889] sd 2:0:0:0: [sda] Assuming drive cache: write through
[    4.022832] sd 2:0:1:0: [sdb] Write Protect is off
[    4.028878] sd 2:0:1:0: [sdb] Incomplete mode parameter data
[    4.034666] sd 2:0:1:0: [sdb] Assuming drive cache: write through
[    4.061379]  sda: sda1
[    4.069409] sd 2:0:0:0: [sda] Attached SCSI disk
[    4.077831] sd 2:0:1:0: [sdb] Attached SCSI disk
[    4.711174] e1000 0000:00:08.0 eth1: (PCI:33MHz:32-bit) 08:00:27:9e:09:64
[    4.718073] e1000 0000:00:08.0 eth1: Intel(R) PRO/1000 Network Connection
[    4.726479] e1000 0000:00:08.0 enp0s8: renamed from eth1
[    4.741009] e1000 0000:00:03.0 enp0s3: renamed from eth0
Begin: Loading essential drivers ... [    7.040125] raid6: sse2x1   gen() 13777 MB/s
[    7.100296] raid6: sse2x1   xor()  6103 MB/s
[    7.152182] raid6: sse2x2   gen() 12945 MB/s
[    7.204091] raid6: sse2x2   xor()  8962 MB/s
[    7.264271] raid6: sse2x4   gen() 14632 MB/s
[    7.316119] raid6: sse2x4   xor()  9368 MB/s
[    7.320469] raid6: using algorithm sse2x4 gen() 14632 MB/s
[    7.326233] raid6: .... xor() 9368 MB/s, rmw enabled
[    7.331326] raid6: using ssse3x2 recovery algorithm
[    7.337747] xor: measuring software checksum speed
[    7.440077]    prefetch64-sse: 47613.000 MB/sec
[    7.541149]    generic_sse: 43261.000 MB/sec
[    7.545497] xor: using function: prefetch64-sse (47613.000 MB/sec)
[    7.553607] async_tx: api initialized (async)
done.
Begin: Running /scripts/init-premount ... done.
Begin: Mounting root file system ... Begin: Running /scripts/local-top ... done.
Begin: Running /scripts/local-premount ... [    7.660457] Btrfs loaded, crc32c=crc32c-intel
Scanning for Btrfs filesystems
done.
Warning: fsck not present, so skipping root file system
[    7.747222] EXT4-fs (sda1): mounted filesystem with ordered data mode. Opts: (null)
done.
Begin: Running /scripts/local-bottom ... done.
Begin: Running /scripts/init-bottom ... done.
[    8.344772] ip_tables: (C) 2000-2006 Netfilter Core Team
[    8.380428] systemd[1]: systemd 237 running in system mode. (+PAM +AUDIT +SELINUX +IMA +APPARMOR +SMACK +SYSVINIT +UTMP +LIBCRYPTSETUP +GCRYPT +GNUTLS +ACL +XZ +LZ4 +SECCOMP +BLKID +ELFUTILS +KMOD -IDN2 +IDN -PCRE2 default-hierarchy=hybrid)
[    8.401798] systemd[1]: Detected virtualization oracle.
[    8.407016] systemd[1]: Detected architecture x86-64.

Welcome to [1mUbuntu 18.04.6 LTS[0m!

[    8.429383] systemd[1]: Set hostname to <ubuntu>.
[    8.450266] systemd[1]: Initializing machine ID from random generator.
[    8.457272] systemd[1]: Installed transient /etc/machine-id file.
[    9.405377] systemd[1]: Created slice User and Session Slice.
[[0;32m  OK  [0m] Created slice User and Session Slice.
[    9.416848] systemd[1]: Reached target System Time Synchronized.
[[0;32m  OK  [0m] Reached target System Time Synchronized.
[    9.427665] systemd[1]: Started Forward Password Requests to Wall Directory Watch.
[[0;32m  OK  [0m] Started Forward Password Requests to Wall Directory Watch.
[    9.441774] systemd[1]: Set up automount Arbitrary Executable File Formats File System Automount Point.
[[0;32m  OK  [0m] Set up automount Arbitrary Executab…rmats File System Automount Point.
[[0;32m  OK  [0m] Reached target Swap.
[[0;32m  OK  [0m] Created slice System Slice.
[[0;32m  OK  [0m] Listening on Journal Socket.
         Mounting Huge Pages File System...
[[0;32m  OK  [0m] Listening on fsck to fsckd communication Socket.
[[0;32m  OK  [0m] Listening on Journal Socket (/dev/log).
         Starting Set the console keyboard layout...
         Starting Uncomplicated firewall...
[[0;32m  OK  [0m] Listening on LVM2 poll daemon socket.
         Starting Load Kernel Modules...
[[0;32m  OK  [0m] Listening on Device-mapper event daemon FIFOs.
         Starting Create list of required st…ce nodes for the current kernel...
         Mounting Kernel Debug File System...
[[0;32m  OK  [0m] Listening on udev Control Socket.
[[0;32m  OK  [0m] Listening on LVM2 metadata daemon socket.
         Starting Monitoring of LVM2 mirrors…ng dmeventd or progress polling...
[[0;32m  OK  [0m[    9.614721] random: crng init done
[    9.618518] random: 7 urandom warning(s) missed due to ratelimiting
[    9.626975] Loading iSCSI transport class v2.0-870.
] Listening on /dev/initctl Compatibility Named Pipe.
[[0;32m  OK  [0m] Listening on Network Service Netlink Socket.[    9.644889] iscsi: registered transport (tcp)

[[0;32m  OK  [0m] Reached target Slices.
[[0;32m  OK  [0m] Listening on Journal Audit Socket.
[[0;32m  OK  [0m] Created slice system-serial\x2dgetty.slice.
[[0;32m  OK  [0m] Listening on Syslog Socket.
         Starting Journal Service...
[[0;32m  OK  [0m] Reached target User and Group Name Lookups.
[[0;32m  OK  [0m] Listening on udev Kernel Socket.
         Starting udev Coldplug all Devices...
         Mounting POSIX Message Queue File System...
         Starting File System Check on Root Device...
[[0;32m  OK  [0m] Mounted Huge Pages File System.
[[0;32m  OK  [0m] Started Uncomplicated firewall.
[[0;32m  OK  [0m] Started Create list of required sta…vice nodes for the current kernel.
[[0;32m  OK  [0m] Mounted Kernel Debug File System.
[[0;32m  OK  [0m] Mounted POSIX Message Queue File System.
         Starting Create Static Device Nodes in /dev...
[[0;32m  OK  [0m] Started File System Check Daemon to report status.
[[0;32m  OK  [0m] Started LVM2 metadata daemon.
[[0;32m  OK  [0m] Started Journal Service.
[[0;32m  OK  [0m] Started Create Static Device Nodes in /dev.[   10.110030] iscsi: registered transport (iser)

[[0;32m  OK  [0m] Started Load Kernel Modules.
         Mounting Kernel Configuration File System...
         Mounting FUSE Control File System...
         Starting Apply Kernel Variables...
[[0;32m  OK  [0m] Started Set the console keyboard layout.
[[0;32m  OK  [0m] Started File System Check on Root Device.
[[0;32m  OK  [0m] Started udev Coldplug all Devices.
[[0;32m  OK  [0m] Mounted Kernel Configuration File System.
[[0;32m  OK  [0m] Mounted FUSE Control File System.
         Starting Remount Root and Kernel File Systems...
[[0;32m  OK  [0m] Started Monitoring of LVM2 mirrors,…sing dmeventd or progress polling.
[[0;32m  OK  [0m] Started Apply Kernel Variables.
[[0;32m  OK  [0m] Started Remount Root and Kernel File Systems.
         Starting udev Kernel Device Manager...
         Starting Flush Journal to Persistent Storage...
         Starting Load/Save Random Seed...
[[0;32m  OK  [0m] Reached target Local File Systems (Pre).
[[0;32m  OK  [0m] Reached target Local File Systems.
         Starting AppArmor initialization...
         Starting Commit a transient machine-id on disk...
         Starting Tell Plymouth To Write Out Runtime Data...
         Starting ebtables ruleset management...
         Starting Set console font and keymap...
[[0;32m  OK  [0m] Started udev Kernel Device Manager.
[[0;32m  OK  [0m] Started Dispatch Password Requests to Console Directory Watch.
[[0;32m  OK  [0m] Reached target Local Encrypted Volumes.
[[0;32m  OK  [0m] Started Load/Save Random Seed.
[[0;32m  OK  [0m] Started Tell Plymouth To Write Out Runtime Data.
[[0;32m  OK  [0m] Started Set console font and keymap.
[[0;32m  OK  [0m] Started Commit a transient machine-id on disk.
[[0;32m  OK  [0m] Started Flush Journal to Persistent Storage.
         Starting Create Volatile Files and Directories...
[[0;32m  OK  [0m] Started Create Volatile Files and Directories.
         Starting Update UTMP about System Boot/Shutdown...
[[0;32m  OK  [0m] Started Update UTMP about System Boot/Shutdown.
[[0;32m  OK  [0m] Started ebtables ruleset management.
[[0;32m  OK  [0m] Found device /dev/ttyS0.
[[0;32m  OK  [0m] Listening on Load/Save RF Kill Switch Status /dev/rfkill Watch.
[[0;32m  OK  [0m] Started AppArmor initialization.
         Starting Load AppArmor profiles managed internally by snapd...
         Starting Initial cloud-init job (pre-networking)...
[[0;32m  OK  [0m] Started Load AppArmor profiles managed internally by snapd.
[   15.732344] cloud-init[526]: Cloud-init v. 22.2-0ubuntu1~18.04.3 running 'init-local' at Wed, 17 Aug 2022 19:23:10 +0000. Up 14.97 seconds.
[[0;32m  OK  [0m] Started Initial cloud-init job (pre-networking).
[[0;32m  OK  [0m] Reached target Network (Pre).
         Starting Network Service...
[[0;32m  OK  [0m] Started Network Service.
         Starting Network Name Resolution...
         Starting Wait for Network to be Configured...
[[0;32m  OK  [0m] Started Network Name Resolution.
[[0;32m  OK  [0m] Reached target Network.
[[0;32m  OK  [0m] Reached target Host and Network Name Lookups.
[[0;32m  OK  [0m] Started Wait for Network to be Configured.
         Starting Initial cloud-init job (metadata service crawler)...
[   27.497084] cloud-init[621]: Cloud-init v. 22.2-0ubuntu1~18.04.3 running 'init' at Wed, 17 Aug 2022 19:23:14 +0000. Up 18.70 seconds.
[   27.519643] cloud-init[621]: ci-info: ++++++++++++++++++++++++++++++++++++++Net device info+++++++++++++++++++++++++++++++++++++++
[   27.527101] cloud-init[621]: ci-info: +--------+-------+----------------------------+---------------+--------+-------------------+
[   27.554237] cloud-init[621]: ci-info: | Device |   Up  |          Address           |      Mask     | Scope  |     Hw-Address    |
[   27.575277] cloud-init[621]: ci-info: +--------+-------+----------------------------+---------------+--------+-------------------+
[   27.594161] cloud-init[621]: ci-info: | enp0s3 |  True |         10.0.2.15          | 255.255.255.0 | global | 02:dd:70:87:b9:65 |
[   27.638929] cloud-init[621]: ci-info: | enp0s3 |  True | fe80::dd:70ff:fe87:b965/64 |       .       |  link  | 02:dd:70:87:b9:65 |
[   27.649324] cloud-init[621]: ci-info: | enp0s8 | False |             .              |       .       |   .    | 08:00:27:9e:09:64 |
[   27.667372] cloud-init[621]: ci-info: |   lo   |  True |         127.0.0.1          |   255.0.0.0   |  host  |         .         |
[   27.682354] cloud-init[621]: ci-info: |   lo   |  True |          ::1/128           |       .       |  host  |         .         |
[   27.704622] cloud-init[621]: ci-info: +--------+-------+----------------------------+---------------+--------+-------------------+
[   27.730850] cloud-init[621]: ci-info: ++++++++++++++++++++++++++++Route IPv4 info+++++++++++++++++++++++++++++
[   27.745079] cloud-init[621]: ci-info: +-------+-------------+----------+-----------------+-----------+-------+
[   27.759744] cloud-init[621]: ci-info: | Route | Destination | Gateway  |     Genmask     | Interface | Flags |
[   27.773280] cloud-init[621]: ci-info: +-------+-------------+----------+-----------------+-----------+-------+
[   27.784549] cloud-init[621]: ci-info: |   0   |   0.0.0.0   | 10.0.2.2 |     0.0.0.0     |   enp0s3  |   UG  |
[   27.797513] cloud-init[621]: ci-info: |   1   |   10.0.2.0  | 0.0.0.0  |  255.255.255.0  |   enp0s3  |   U   |
[   27.807149] cloud-init[621]: ci-info: |   2   |   10.0.2.2  | 0.0.0.0  | 255.255.255.255 |   enp0s3  |   UH  |
[   27.815802] cloud-init[621]: ci-info: +-------+-------------+----------+-----------------+-----------+-------+
[   27.823716] cloud-init[621]: ci-info: +++++++++++++++++++Route IPv6 info+++++++++++++++++++
[   27.832284] cloud-init[621]: ci-info: +-------+-------------+---------+-----------+-------+
[   27.842555] cloud-init[621]: ci-info: | Route | Destination | Gateway | Interface | Flags |
[   27.853713] cloud-init[621]: ci-info: +-------+-------------+---------+-----------+-------+
[   27.860351] cloud-init[621]: ci-info: |   1   |  fe80::/64  |    ::   |   enp0s3  |   U   |
[   27.874936] cloud-init[621]: ci-info: |   3   |    local    |    ::   |   enp0s3  |   U   |
[   27.893548] cloud-init[621]: ci-info: |   4   |   ff00::/8  |    ::   |   enp0s3  |   U   |
[   27.904723] cloud-init[621]: ci-info: +-------+-------------+---------+-----------+-------+
[   30.310625] cloud-init[621]: Generating public/private rsa key pair.
[   30.328672] cloud-init[621]: Your identification has been saved in /etc/ssh/ssh_host_rsa_key.
[   30.373767] cloud-init[621]: Your public key has been saved in /etc/ssh/ssh_host_rsa_key.pub.
[   30.458826] cloud-init[621]: The key fingerprint is:
[   30.528251] cloud-init[621]: SHA256:MdqXDiT3/a1J50n7jIiSVAtIiXeusih92lD84ADNgaw root@ubuntu-bionic
[   30.596774] cloud-init[621]: The key's randomart image is:
[   30.628623] cloud-init[621]: +---[RSA 2048]----+
[   30.653129] cloud-init[621]: |...  . .         |
[   30.673300] cloud-init[621]: |.+ .. + .        |
[   30.687730] cloud-init[621]: |o o  o.+=        |
[   30.693400] cloud-init[621]: |E. .  .*o+.o     |
[   30.718441] cloud-init[621]: |  . + ..So+..    |
[   30.740647] cloud-init[621]: [|   +.o. .+.  . . |
[0;32m  OK  [0m] Started Initial cloud-init job (metadata service crawler).[   30.822617] cloud-init
[[0;32m  OK  [0m] Reached target Network is Online.
[621]: [[0;32m  OK  [0m] | ....o.. ..   o.o|Reached target Remote File Systems (Pre).
[
[   30.886965] cloud-init[621]: |. ooo   o  . o.Bo|
[0;32m  OK  [0m] Reached target Remote File Systems.[   30.897799] cloud-init[621]: 
| ..o.    .. . +o=|         Starting Availability of block devices...
[
[   30.909925] cloud-init[621]: [0;32m  OK  [0m] Reached target Cloud-config availability.
[[0;32m  OK  [0m] Reached target System Initialization.+----[SHA256]-----+
[   30.939431] 
[[0;32m  OK  [0m] cloud-init[621]: Listening on cloud-init hotplug hook socket.
[[0;32m  OK  [0mGenerating public/private dsa key pair.] Started Daily apt download activities.
[   30.961795] cloud-init[621]: 
[[0;32m  OK  [0m] Listening on Open-iSCSI iscsid Socket.
[[0;32m  OK  [0mYour identification has been saved in /etc/ssh/ssh_host_dsa_key.
] Listening on UUID daemon activation socket.
[   30.985030] cloud-init[621]: Your public key has been saved in /etc/ssh/ssh_host_dsa_key.pub.[[0;32m  OK  [0m] Listening on ACPID Listen Socket.
[[0;32m  OK  [0m] Started Daily apt upgrade and clean activities.
[   31.003517] cloud-init[621]: The key fingerprint is:
[   31.008228] 
[[0;32m  OK  [0m] cloud-init[621]: SHA256:nB2hrisr4REwt5J3iKAbGD6xsAysN+Ez/evBX8s9Amk root@ubuntu-bionicStarted Ubuntu Advantage Timer for running repeated jobs.
[[0;32m  OK  [0m] Started Daily Cleanup of Temporary Directories.
[   31.025849] cloud-init[621]: The key's randomart image is:
[   31.030652] cloud-init
[621]: +---[DSA 1024]----+[[0;32m  OK  [0m] Started ACPI Events Check.
[   31.042373] cloud-init
[[0;32m  OK  [0m] Started Message of the Day.[621]: |.         .      |
[   31.052025] 
[[0;32m  OK  [0m] cloud-init[621]: |Boo      . .     |
Listening on D-Bus System Message Bus Socket.
[   31.068622] cloud-init[621]:          Starting LXD - unix socket.
|XXo=    . .      |
[   31.082627] cloud-init[[0;32m  OK  [0m] Started Discard unused blocks once a week.
[[0;32m  OK  [0m[621]: |X=@ o  o o .     |] Reached target Timers.
[[0;32m  OK  [0m
] Reached target Paths.
[   31.113582] cloud-init[621]: | *.* .  S..      |         Starting Socket activation for snappy daemon.
[
[   31.130692] cloud-init[0;32m  OK  [0m] Started Availability of block devices.
[[0;32m  OK  [0m] Listening on LXD - unix socket.
[[0;32m  OK  [0m] [621]: |. o  ...E        |
[   31.156051] Listening on Socket activation for snappy daemon.
cloud-init[621]: [[0;32m  OK  [0m] Reached target Sockets.| . o  +o ..      |
[   31.172073] 
[[0;32m  OK  [0m] Reached target Basic System.
cloud-init[621]: |  o . .+ o.o.    |
[   31.184564] cloud-init[621]: |   ..+o . o...   |
[[0;32m  OK  [0m] [   31.192637] cloud-init[621]: +----[SHA256]-----+Started irqbalance daemon.
[
[0;32m  OK  [0m] Started Regular background program processing daemon.
[   31.217119] cloud-init[621]:          Starting Login Service...
         Starting System Logging Service...
Generating public/private ecdsa key pair.         Starting LSB: automatic crash report generation...

[   31.270639] cloud-init[621]: Your identification has been saved in /etc/ssh/ssh_host_ecdsa_key.
[   31.285821] cloud-init[621]: Your public key has been saved in /etc/ssh/ssh_host_ecdsa_key.pub.
[   31.305741] cloud-init[621]: The key fingerprint is:
[   31.317867] cloud-init[621]: SHA256:yzhkQl2g5Xm+hhEHqMqEoQdHJDKPlLeyXEen+arK9zk root@ubuntu-bionic
[   31.332476] cloud-init[621]: The key's randomart image is:
[   31.337467] cloud-init[621]: +---[ECDSA 256]---+
[   31.343386] cloud-init[621]: |+++  .+..        |
[   31.351610] cloud-init[621]: |=*...* =         |
[   31.356035] cloud-init[621]: |++o.= O o        |
[   31.372628] cloud-init[621]: [[0;32m  OK  [0m] Started D-Bus System Message Bus.
|ooo+ + =         |
[   31.398538] cloud-init[621]: |+o+ o = S        |
[   31.410504] cloud-init[621]: |.+   + * o       |
[   31.429529] cloud-init[621]: |      = =        |
[   31.446117] cloud-init[621]: |.  . E.o         |
[   31.458796] cloud-init[621]: | oo.oo.          |
[   31.465622] cloud-init[621]: +----[SHA256]-----+
[   31.477494] cloud-init[621]: Generating public/private ed25519 key pair.
[   31.491607] cloud-init[621]: Your identification has been saved in /etc/ssh/ssh_host_ed25519_key.
[   31.500087] cloud-init[621]: Your public key has been saved in /etc/ssh/ssh_host_ed25519_key.pub.
[   31.510186] cloud-init[621]: The key fingerprint is:
[   31.519528] cloud-init[621]: SHA256:Y44WUhezVExbxm7UEpVCgAb/66XOC9+nCwGJR7H3kHg root@ubuntu-bionic
[   31.536984] cloud-init[621]: The key's randomart image is:
[[0;32m  OK  [0m] Started FUSE filesystem for LXC.
[   31.566470] cloud-init         Starting Pollinate to seed the pseudo random number generator...[621]: 
+--[ED25519 256]--+         Starting Accounts Service...
         Starting Virtualbox guest utils...
[[0;32m  OK  [0m] Started Deferred execution scheduler.
[   31.606802] cloud-init
         Starting LSB: Record successful boot for GRUB...
         Starting Permit User Sessions...
[621]: |      ..**++=+.. |
[   31.645023] cloud-init[621]: |       =oB.== o  |
[   31.660750] cloud-init[621]: |      o.X Eo o   |
[   31.673738] cloud-init[621]: |     . o = oo    |
[   31.684074] cloud-init[621]: |    . . S o..    |
[   31.699137] cloud-init[621]: |     . = . o     |
[   31.710210] cloud-init[621]:          Starting Dispatcher daemon for systemd-networkd...
         Starting LXD - container startup/shutdown...
|      o o o .    |
[   31.749860] cloud-init[621]: |     .   = =  .  |         Starting Snap Daemon...
[
[0;32m  OK  [0m] Started System Logging Service.
[   31.778614] cloud-init[[0;32m  OK  [0m] [621]: |         .B.++   |Started Permit User Sessions.

[[0;32m  OK  [0m] Started Login Service.
[[0;32m  OK  [0m] Started Unattended Upgrades Shutdown.
[   31.848314] cloud-init[621]: +----[SHA256]-----+
         Starting Terminate Plymouth Boot Screen...
         Starting Hold until boot process finishes up...
[[0;32m  OK  [0m] Started Terminate Plymouth Boot Screen.
[[0;32m  OK  [0m] Started Hold until boot process finishes up.
         Starting Set console scheme...
[[0;32m  OK  [0m] Started Serial Getty on ttyS0.
         Starting Authorization Manager...
[[0;32m  OK  [0m] Started LSB: automatic crash report generation.
[[0;32m  OK  [0m] Started LSB: Record successful boot for GRUB.
[[0;32m  OK  [0m] Started Set console scheme.
[[0;32m  OK  [0m] Created slice system-getty.slice.
[[0;32m  OK  [0m] Started Getty on tty1.
[[0;32m  OK  [0m] Reached target Login Prompts.
[[0;32m  OK  [0m] Started Virtualbox guest utils.
[[0;32m  OK  [0m] Started Authorization Manager.
[[0;32m  OK  [0m] Started Accounts Service.
[[0;32m  OK  [0m] Started Dispatcher daemon for systemd-networkd.
[[0;32m  OK  [0m] Started LXD - container startup/shutdown.
[[0;32m  OK  [0m] Started Snap Daemon.
         Starting Wait until snapd is fully seeded...
         Starting Time & Date Service...
[[0;32m  OK  [0m] Started Time & Date Service.
[[0;32m  OK  [0m] Started Pollinate to seed the pseudo random number generator.
         Starting OpenBSD Secure Shell server...
[[0;32m  OK  [0m] Started OpenBSD Secure Shell server.
[[0;32m  OK  [0m] Created slice User Slice of vagrant.
[[0;32m  OK  [0m] Started Session 1 of user vagrant.
         Starting User Manager for UID 1000...
[[0;32m  OK  [0m] Started User Manager for UID 1000.

Ubuntu 18.04.6 LTS ubuntu-bionic ttyS0

ubuntu-bionic login: [   40.539640] cloud-init[1169]: Cloud-init v. 22.2-0ubuntu1~18.04.3 running 'modules:config' at Wed, 17 Aug 2022 19:23:34 +0000. Up 38.51 seconds.
ci-info: no authorized SSH keys fingerprints found for user ubuntu.
<14>Aug 17 19:23:37 cloud-init: #############################################################
<14>Aug 17 19:23:37 cloud-init: -----BEGIN SSH HOST KEY FINGERPRINTS-----
<14>Aug 17 19:23:37 cloud-init: 1024 SHA256:nB2hrisr4REwt5J3iKAbGD6xsAysN+Ez/evBX8s9Amk root@ubuntu-bionic (DSA)
<14>Aug 17 19:23:37 cloud-init: 256 SHA256:yzhkQl2g5Xm+hhEHqMqEoQdHJDKPlLeyXEen+arK9zk root@ubuntu-bionic (ECDSA)
<14>Aug 17 19:23:37 cloud-init: 256 SHA256:Y44WUhezVExbxm7UEpVCgAb/66XOC9+nCwGJR7H3kHg root@ubuntu-bionic (ED25519)
<14>Aug 17 19:23:37 cloud-init: 2048 SHA256:MdqXDiT3/a1J50n7jIiSVAtIiXeusih92lD84ADNgaw root@ubuntu-bionic (RSA)
<14>Aug 17 19:23:37 cloud-init: -----END SSH HOST KEY FINGERPRINTS-----
<14>Aug 17 19:23:37 cloud-init: #############################################################
-----BEGIN SSH HOST KEY KEYS-----
ecdsa-sha2-nistp256 AAAAE2VjZHNhLXNoYTItbmlzdHAyNTYAAAAIbmlzdHAyNTYAAABBBBhu/XpRfria7Kfs8lTRUPF9kvbwJ6h399koiqeuLABdNNYpzSN9N8atlQZ16nX5ztLui6MIaMr+1Sr+rftzAts= root@ubuntu-bionic
ssh-ed25519 AAAAC3NzaC1lZDI1NTE5AAAAIJ0wzCKfbeqi0repvcI1Z65m2ysfKKZpy7AKKOI+H8v7 root@ubuntu-bionic
ssh-rsa AAAAB3NzaC1yc2EAAAADAQABAAABAQCu5eg/Zs2oOMivEWJ1MXvrv+NvEiHi1c8JlHhzYKORcxQOfBkU5ZDEA4ygucZwmDoYN19L0Bi5EJPxEbx4hDCQiRskMYJFmSZNoZw7J5DfuzP4A4tLcJMETX5hAXXbZEYrDfJCLi4jwJjKQsLVHRbZw5U5bzFJBlk3bwshqzZ9l9tRMxEGWSmoFKjqbbAY1OiiFPZ/RmjidwsEocwVdifLBOhfI5HQUVE3d5bySn0Rnc0QOVK13L17Hpr0Otcuu9RknZbKOXsiFPwGjpjdaR8gik5fIcMJxYSq2fiXyaxRl0DL/vOt7MKXBi/oE4e/cQ4Xf1+3QCEd9b/Pv5diupFz root@ubuntu-bionic
-----END SSH HOST KEY KEYS-----
[   42.259918] cloud-init[1254]: Cloud-init v. 22.2-0ubuntu1~18.04.3 running 'modules:final' at Wed, 17 Aug 2022 19:23:37 +0000. Up 41.56 seconds.
[   42.278534] cloud-init[1254]: Cloud-init v. 22.2-0ubuntu1~18.04.3 finished at Wed, 17 Aug 2022 19:23:37 +0000. Datasource DataSourceNoCloud [seed=/dev/sdb][dsmode=net].  Up 42.24 seconds
